● mariadb.service - MariaDB 11.8.3 database server
     Loaded: loaded (/usr/lib/systemd/system/mariadb.service; enabled; preset: disabled)
     Active: active (running) since Fri 2025-08-15 16:55:34 UTC; 15h ago
 Invocation: 343857762c8742e2b5ffca6bc1c9347e
       Docs: man:mariadbd(8)
             https://mariadb.com/kb/en/library/systemd/
   Main PID: 3271 (mariadbd)
     Status: "Taking your SQL requests now..."
      Tasks: 13 (limit: 28987)
     Memory: 206M (peak: 206.9M)
        CPU: 16.677s
     CGroup: /system.slice/mariadb.service
             └─3271 /usr/bin/mariadbd

Aug 15 16:55:28 markpeter systemd[1]: Starting MariaDB 11.8.3 database server...
Aug 15 16:55:29 markpeter (mariadbd)[3271]: mariadb.service: Referenced but unset environment variable evaluates to an empty string: MYSQLD_OPTS, _WSREP_NEW_CLUSTER
Aug 15 16:55:34 markpeter systemd[1]: Started MariaDB 11.8.3 database server.
Aug 15 16:55:29 markpeter (mariadbd)[3271]: mariadb.service: [Note] Starting MariaDB 11.8.3-MariaDB source revision b565b3e7e041c480fd8013e3beec6b99544d6bf8 server_uid e9ft3TIVslH3ByVP9nfaBXHHw/c= as process 3271
Aug 15 16:55:29 markpeter (mariadbd)[3271]: mariadb.service: [Note] InnoDB: Compressed tables use zlib 1.3.1
Aug 15 16:55:29 markpeter (mariadbd)[3271]: mariadb.service: [Note] InnoDB: Number of transaction pools: 1
Aug 15 16:55:29 markpeter (mariadbd)[3271]: mariadb.service: [Note] InnoDB: Using crc32 + pclmulqdq instructions
Aug 15 16:55:29 markpeter (mariadbd)[3271]: mariadb.service: [Note] InnoDB: Using io_uring
Aug 15 16:55:29 markpeter (mariadbd)[3271]: mariadb.service: [Note] InnoDB: innodb_buffer_pool_size_max=128m, innodb_buffer_pool_size=128m
Aug 15 16:55:29 markpeter (mariadbd)[3271]: mariadb.service: [Note] InnoDB: Initialized memory pressure event listener
Aug 15 16:55:29 markpeter (mariadbd)[3271]: mariadb.service: [Note] InnoDB: Completed initialization of buffer pool
Aug 15 16:55:29 markpeter (mariadbd)[3271]: mariadb.service: [Note] InnoDB: Buffered log writes (block size=512 bytes)
Aug 15 16:55:29 markpeter (mariadbd)[3271]: mariadb.service: [Note] InnoDB: End of log at LSN=43257211
Aug 15 16:55:29 markpeter (mariadbd)[3271]: mariadb.service: [Note] InnoDB: Opened 3 undo tablespaces
Aug 15 16:55:29 markpeter (mariadbd)[3271]: mariadb.service: [Note] InnoDB: 128 rollback segments in 3 undo tablespaces are active.
Aug 15 16:55:29 markpeter (mariadbd)[3271]: mariadb.service: [Note] InnoDB: Setting file './ibtmp1' size to 12.000MiB. Physically writing the file full; Please wait ...
Aug 15 16:55:29 markpeter (mariadbd)[3271]: mariadb.service: [Note] InnoDB: File './ibtmp1' size is now 12.000MiB.
Aug 15 16:55:29 markpeter (mariadbd)[3271]: mariadb.service: [Note] InnoDB: log sequence number 43257211; transaction id 5958
Aug 15 16:55:29 markpeter (mariadbd)[3271]: mariadb.service: [Note] Plugin 'wsrep-provider' is disabled.
Aug 15 16:55:29 markpeter (mariadbd)[3271]: mariadb.service: [Note] InnoDB: Loading buffer pool(s) from /var/lib/mysql/ib_buffer_pool
Aug 15 16:55:29 markpeter (mariadbd)[3271]: mariadb.service: [Note] InnoDB: Buffer pool(s) load completed at 250815 16:55:29
Aug 15 16:55:34 markpeter systemd[1]: [Note] Server socket created on IP: '0.0.0.0', port: '3306'.
Aug 15 16:55:34 markpeter systemd[1]: [Note] Server socket created on IP: '::', port: '3306'.
Aug 15 16:55:34 markpeter systemd[1]: [Note] mariadbd: Event Scheduler: Loaded 0 events
Aug 15 16:55:34 markpeter systemd[1]: [Note] /usr/bin/mariadbd: ready for connections.
Aug 15 16:55:34 markpeter systemd[1]: Version: '11.8.3-MariaDB'  socket: '/run/mysqld/mysqld.sock'  port: 3306  Arch Linux

● dnsdist.service - DNS Loadbalancer
     Loaded: loaded (/usr/lib/systemd/system/dnsdist.service; disabled; preset: disabled)
     Active: active (running) since Sat 2025-08-16 07:52:29 UTC; 9min ago
 Invocation: 6c94523fa0904e58aaa046d303bc7742
       Docs: man:dnsdist(1)
             https://dnsdist.org
    Process: 6321 ExecStartPre=/usr/bin/dnsdist --check-config (code=exited, status=0/SUCCESS)
   Main PID: 6323 (dnsdist)
      Tasks: 23 (limit: 8192)
     Memory: 68.1M (peak: 70.3M)
        CPU: 897ms
     CGroup: /system.slice/dnsdist.service
             └─6323 /usr/bin/dnsdist --supervised --disable-syslog

Aug 16 07:52:29 markpeter dnsdist[6323]: Added downstream server 127.0.0.1:5300
Aug 16 07:52:29 markpeter dnsdist[6323]: Raised send buffer to 212992 for local address '0.0.0.0:53'
Aug 16 07:52:29 markpeter dnsdist[6323]: Raised receive buffer to 212992 for local address '0.0.0.0:53'
Aug 16 07:52:29 markpeter dnsdist[6323]: Listening on 0.0.0.0:53
Aug 16 07:52:29 markpeter dnsdist[6323]: ACL allowing queries from: 10.0.0.0/8, 100.64.0.0/10, 127.0.0.0/8, 169.254.0.0/16, 172.16.0.0/12, 192.168.0.0/16, ::1/128, fc00::/7, fe80::/10
Aug 16 07:52:29 markpeter dnsdist[6323]: Console ACL allowing connections from: 127.0.0.0/8, ::1/128
Aug 16 07:52:29 markpeter dnsdist[6323]: Marking downstream 127.0.0.1:5301 as 'up'
Aug 16 07:52:29 markpeter dnsdist[6323]: Marking downstream 127.0.0.1:5300 as 'up'
Aug 16 07:52:29 markpeter systemd[1]: Started DNS Loadbalancer.
Aug 16 07:52:30 markpeter dnsdist[6323]: Polled security status of version 2.0.0 at startup, no known issues reported: OK

● kea-dhcp4.service - ISC Kea IPv4 DHCP daemon
     Loaded: loaded (/usr/lib/systemd/system/kea-dhcp4.service; enabled; preset: disabled)
     Active: active (running) since Fri 2025-08-15 17:03:51 UTC; 14h ago
 Invocation: 05a8d3010c3e4e368b52fe68e2bb6e40
       Docs: man:kea-dhcp4(8)
   Main PID: 3331 (kea-dhcp4)
      Tasks: 9 (limit: 4392)
     Memory: 4.3M (peak: 4.8M)
        CPU: 3.443s
     CGroup: /system.slice/kea-dhcp4.service
             └─3331 /usr/bin/kea-dhcp4 -c /etc/kea/kea-dhcp4.conf
Aug 15 06:25:19 markpeter kea-dhcp4[1051]: 2025-08-15 06:25:19.522 INFO  [kea-dhcp4.dhcp4/1051.140340502656896] DHCP4_STARTING Kea DHCPv4 server version 3.0.0 (stable) starting
Aug 15 06:25:19 markpeter kea-dhcp4[1051]: 2025-08-15 06:25:19.523 INFO  [kea-dhcp4.commands/1051.140340502656896] COMMAND_RECEIVED Received command 'config-set'
Aug 15 06:25:19 markpeter kea-dhcp4[1051]: 2025-08-15 06:25:19.524 WARN  [kea-dhcp4.dhcpsrv/1051.140340502656896] DHCPSRV_MT_DISABLED_QUEUE_CONTROL disabling dhcp queue control when multi-threading is enabled.
Aug 15 06:25:19 markpeter kea-dhcp4[1051]: 2025-08-15 06:25:19.524 WARN  [kea-dhcp4.dhcp4/1051.140340502656896] DHCP4_RESERVATIONS_LOOKUP_FIRST_ENABLED Multi-threading is enabled and host reservations lookup is always performed first.
Aug 15 06:25:19 markpeter kea-dhcp4[1051]: 2025-08-15 06:25:19.529 INFO  [kea-dhcp4.hooks/1051.140340502656896] HOOKS_LIBRARY_CLOSED hooks library /usr/lib/kea/hooks/libdhcp_mysql.so successfully closed
Aug 15 06:25:19 markpeter kea-dhcp4[1051]: 2025-08-15 06:25:19.529 INFO  [kea-dhcp4.dhcpsrv/1051.140340502656896] DHCPSRV_CFGMGR_NEW_SUBNET4 a new subnet has been added to configuration: 10.0.0.0/8 with params: t1=1000, t2=2000, valid-lifetime=4000
Aug 15 06:25:19 markpeter kea-dhcp4[1051]: 2025-08-15 06:25:19.530 INFO  [kea-dhcp4.dhcpsrv/1051.140340502656896] DHCPSRV_CFGMGR_SOCKET_TYPE_SELECT using socket type raw
Aug 15 06:25:19 markpeter kea-dhcp4[1051]: 2025-08-15 06:25:19.530 INFO  [kea-dhcp4.dhcpsrv/1051.140340502656896] DHCPSRV_CFGMGR_SOCKET_TYPE_SELECT using socket type raw
Aug 15 06:25:19 markpeter kea-dhcp4[1051]: 2025-08-15 06:25:19.530 INFO  [kea-dhcp4.dhcpsrv/1051.140340502656896] DHCPSRV_CFGMGR_ADD_IFACE listening on interface bond0
Aug 15 06:25:19 markpeter kea-dhcp4[1051]: 2025-08-15 06:25:19.530 INFO  [kea-dhcp4.dhcpsrv/1051.140340502656896] DHCPSRV_CFGMGR_ADD_IFACE listening on interface wlp2s0
Aug 15 06:25:19 markpeter kea-dhcp4[1051]: 2025-08-15 06:25:19.535 INFO  [kea-dhcp4.mysql-lb-hooks/1051.140340502656896] MYSQL_INIT_OK loading MySQL hooks library successful
Aug 15 06:25:19 markpeter kea-dhcp4[1051]: 2025-08-15 06:25:19.535 INFO  [kea-dhcp4.hooks/1051.140340502656896] HOOKS_LIBRARY_LOADED hooks library /usr/lib/kea/hooks/libdhcp_mysql.so successfully loaded
Aug 15 06:25:19 markpeter kea-dhcp4[1051]: 2025-08-15 06:25:19.536 INFO  [kea-dhcp4.dhcpsrv/1051.140340502656896] DHCPSRV_LEASE_MGR_BACKENDS_REGISTERED the following lease backend types are available: memfile mysql
Aug 15 06:25:19 markpeter kea-dhcp4[1051]: 2025-08-15 06:25:19.536 INFO  [kea-dhcp4.hosts/1051.140340502656896] HOSTS_BACKENDS_REGISTERED the following host backend types are available: mysql
Aug 15 06:25:19 markpeter kea-dhcp4[1051]: 2025-08-15 06:25:19.536 INFO  [kea-dhcp4.dhcpsrv/1051.140340502656896] DHCPSRV_FORENSIC_BACKENDS_REGISTERED the following forensic backend types are available: mysql
Aug 15 06:25:19 markpeter kea-dhcp4[1051]: 2025-08-15 06:25:19.536 INFO  [kea-dhcp4.database/1051.140340502656896] CONFIG_BACKENDS_REGISTERED the following config backend types are available: mysql
Aug 15 06:25:19 markpeter kea-dhcp4[1051]: 2025-08-15 06:25:19.536 INFO  [kea-dhcp4.dhcp4/1051.140340502656896] DHCP4_CONFIG_COMPLETE DHCPv4 server has completed configuration: added IPv4 subnets: 1; DDNS: disabled
Aug 15 06:25:19 markpeter kea-dhcp4[1051]: 2025-08-15 06:25:19.540 INFO  [kea-dhcp4.mysql-lb-hooks/1051.140340502656896] MYSQL_LB_DB opening MySQL lease database: host=localhost name=kea password=***** port=3306 type=mysql universe=4 user=kea
Aug 15 06:25:19 markpeter kea-dhcp4[1051]: 2025-08-15 06:25:19.573 WARN  [kea-dhcp4.dhcpsrv/1051.140340502656896] DHCPSRV_OPEN_SOCKET_FAIL failed to open socket: the interface wlp2s0 is down
Aug 15 06:25:19 markpeter kea-dhcp4[1051]: 2025-08-15 06:25:19.582 INFO  [kea-dhcp4.dhcp4/1051.140340502656896] DHCP4_OPEN_SOCKETS_FAILED maximum number of open service sockets attempts: 0, has been exhausted without success
Aug 15 06:25:19 markpeter kea-dhcp4[1051]: 2025-08-15 06:25:19.582 INFO  [kea-dhcp4.dhcpsrv/1051.140340502656896] DHCPSRV_CFGMGR_USE_ALLOCATOR using the iterative allocator for V4 leases in subnet 10.0.0.0/8
Aug 15 06:25:19 markpeter kea-dhcp4[1051]: 2025-08-15 06:25:19.584 INFO  [kea-dhcp4.dhcp4/1051.140340502656896] DHCP4_MULTI_THREADING_INFO enabled: yes, number of threads: 4, queue size: 64
Aug 15 06:25:19 markpeter kea-dhcp4[1051]: 2025-08-15 06:25:19.584 INFO  [kea-dhcp4.dhcp4/1051.140340502656896] DHCP4_STARTED Kea DHCPv4 server version 3.0.0 started

● dnsmasq.service - dnsmasq - A lightweight DHCP and caching DNS server
     Loaded: loaded (/usr/lib/systemd/system/dnsmasq.service; enabled; preset: disabled)
     Active: active (running) since Fri 2025-08-15 15:29:17 UTC; 16h ago
 Invocation: 219df54e97cf42daa824553c1b491561
       Docs: man:dnsmasq(8)
   Main PID: 1863 (dnsmasq)
      Tasks: 1 (limit: 4392)
     Memory: 36.6M (peak: 38.6M)
        CPU: 10.334s
     CGroup: /system.slice/dnsmasq.service
             └─1863 /usr/bin/dnsmasq -k --enable-dbus --user=dnsmasq --pid-file

Aug 15 15:29:17 markpeter systemd[1]: Starting dnsmasq - A lightweight DHCP and caching DNS server...
Aug 15 15:29:17 markpeter dnsmasq[1862]: dnsmasq: syntax check OK.
Aug 15 15:29:17 markpeter systemd[1]: Started dnsmasq - A lightweight DHCP and caching DNS server.
Aug 15 15:29:17 markpeter dnsmasq[1863]: started, version 2.91 cachesize 10000
Aug 15 15:29:17 markpeter dnsmasq[1863]: compile time options: IPv6 GNU-getopt DBus no-UBus i18n IDN2 DHCP DHCPv6 no-Lua TFTP conntrack ipset nftset auth DNSSEC loop-detect inotify dumpfile
Aug 15 15:29:17 markpeter dnsmasq[1863]: DBus support enabled: connected to system bus
Aug 15 15:29:17 markpeter dnsmasq[1863]: using nameserver 9.9.9.9#53
Aug 15 15:29:17 markpeter dnsmasq[1863]: using nameserver 149.112.112.112#53
Aug 15 15:29:19 markpeter dnsmasq[1863]: read /etc/hosts - 352920 names

● pdns.service - PowerDNS Authoritative Server
     Loaded: loaded (/usr/lib/systemd/system/pdns.service; enabled; preset: disabled)
     Active: active (running) since Fri 2025-08-15 16:55:34 UTC; 15h ago
 Invocation: b0edbdcf6fc1423d8563f2827090a6df
       Docs: man:pdns_server(1)
             man:pdns_control(1)
             https://doc.powerdns.com
   Main PID: 3288 (pdns_server)
      Tasks: 13 (limit: 4392)
     Memory: 49M (peak: 49.8M)
        CPU: 10.189s
     CGroup: /system.slice/pdns.service
             └─3288 /usr/bin/pdns_server --guardian=no --daemon=no --disable-syslog --log-timestamp=no --write-pid=no

Aug 15 09:24:38 markpeter pdns_server[6401]: PowerDNS Authoritative Server 4.9.7 (C) PowerDNS.COM BV
Aug 15 09:24:38 markpeter pdns_server[6401]: Using 64-bits mode. Built using gcc 15.1.1 20250425.
Aug 15 09:24:38 markpeter pdns_server[6401]: PowerDNS comes with ABSOLUTELY NO WARRANTY. This is free software, and you are welcome to redistribute it according to the terms of the GPL version 2.
Aug 15 09:24:38 markpeter pdns_server[6401]: [webserver] Listening for HTTP requests on 10.0.0.1:8081
Aug 15 09:24:38 markpeter pdns_server[6401]: Polled security status of version 4.9.7 at startup, no known issues reported: OK
Aug 15 16:55:34 markpeter pdns_server[3288]: Primary/secondary communicator launching
Aug 15 16:55:34 markpeter pdns_server[3288]: Creating backend connection for TCP
Aug 15 16:55:34 markpeter pdns_server[3288]: About to create 3 backend threads for UDP
Aug 15 16:55:34 markpeter systemd[1]: Started PowerDNS Authoritative Server.
Aug 15 16:55:35 markpeter pdns_server[3288]: Done launching threads, ready to distribute questions
